  [1m[35m (0.6ms)[0m  [1m[34mSELECT sqlite_version(*)[0m
  ↳ /Users/wmotycka/.rvm/rubies/ruby-2.6.0/lib/ruby/gems/2.6.0/gems/rake-12.3.2/lib/rake/task.rb:273
  [1m[35m (1.8ms)[0m  [1m[35mCREATE TABLE "schema_migrations" ("version" varchar NOT NULL PRIMARY KEY)[0m
  ↳ /Users/wmotycka/.rvm/rubies/ruby-2.6.0/lib/ruby/gems/2.6.0/gems/rake-12.3.2/lib/rake/task.rb:273
  [1m[35m (1.7ms)[0m  [1m[35mCREATE TABLE "ar_internal_metadata" ("key" varchar NOT NULL PRIMARY KEY, "value" varchar, "created_at" datetime NOT NULL, "updated_at" datetime NOT NULL)[0m
  ↳ /Users/wmotycka/.rvm/rubies/ruby-2.6.0/lib/ruby/gems/2.6.0/gems/rake-12.3.2/lib/rake/task.rb:273
  [1m[35m (0.4ms)[0m  [1m[34mSELECT "schema_migrations"."version" FROM "schema_migrations" ORDER BY "schema_migrations"."version" ASC[0m
  ↳ /Users/wmotycka/.rvm/rubies/ruby-2.6.0/lib/ruby/gems/2.6.0/gems/rake-12.3.2/lib/rake/task.rb:273
Migrating to DeviseCreateUsers (20190718000026)
  [1m[35m (0.1ms)[0m  [1m[36mbegin transaction[0m
  ↳ /Users/wmotycka/.rvm/rubies/ruby-2.6.0/lib/ruby/gems/2.6.0/gems/rake-12.3.2/lib/rake/task.rb:273
  [1m[35m (0.8ms)[0m  [1m[35mCREATE TABLE "users" ("id" integer PRIMARY KEY AUTOINCREMENT NOT NULL, "email" varchar DEFAULT '' NOT NULL, "encrypted_password" varchar DEFAULT '' NOT NULL, "reset_password_token" varchar, "reset_password_sent_at" datetime, "remember_created_at" datetime, "created_at" datetime NOT NULL, "updated_at" datetime NOT NULL)[0m
  ↳ db/migrate/20190718000026_devise_create_users.rb:5
  [1m[35m (0.2ms)[0m  [1m[35mCREATE UNIQUE INDEX "index_users_on_email" ON "users" ("email")[0m
  ↳ db/migrate/20190718000026_devise_create_users.rb:39
  [1m[35m (0.2ms)[0m  [1m[35mCREATE UNIQUE INDEX "index_users_on_reset_password_token" ON "users" ("reset_password_token")[0m
  ↳ db/migrate/20190718000026_devise_create_users.rb:40
  [1m[36mActiveRecord::SchemaMigration Create (0.3ms)[0m  [1m[32mINSERT INTO "schema_migrations" ("version") VALUES (?)[0m  [["version", "20190718000026"]]
  ↳ /Users/wmotycka/.rvm/rubies/ruby-2.6.0/lib/ruby/gems/2.6.0/gems/rake-12.3.2/lib/rake/task.rb:273
  [1m[35m (1.0ms)[0m  [1m[36mcommit transaction[0m
  ↳ /Users/wmotycka/.rvm/rubies/ruby-2.6.0/lib/ruby/gems/2.6.0/gems/rake-12.3.2/lib/rake/task.rb:273
  [1m[36mActiveRecord::InternalMetadata Load (0.2ms)[0m  [1m[34mSELECT  "ar_internal_metadata".* FROM "ar_internal_metadata" WHERE "ar_internal_metadata"."key" = ? LIMIT ?[0m  [["key", "environment"], ["LIMIT", 1]]
  ↳ /Users/wmotycka/.rvm/rubies/ruby-2.6.0/lib/ruby/gems/2.6.0/gems/rake-12.3.2/lib/rake/task.rb:273
  [1m[35m (0.0ms)[0m  [1m[36mbegin transaction[0m
  ↳ /Users/wmotycka/.rvm/rubies/ruby-2.6.0/lib/ruby/gems/2.6.0/gems/rake-12.3.2/lib/rake/task.rb:273
  [1m[36mActiveRecord::InternalMetadata Create (0.4ms)[0m  [1m[32mINSERT INTO "ar_internal_metadata" ("key", "value", "created_at", "updated_at") VALUES (?, ?, ?, ?)[0m  [["key", "environment"], ["value", "development"], ["created_at", "2019-07-18 00:00:31.124197"], ["updated_at", "2019-07-18 00:00:31.124197"]]
  ↳ /Users/wmotycka/.rvm/rubies/ruby-2.6.0/lib/ruby/gems/2.6.0/gems/rake-12.3.2/lib/rake/task.rb:273
  [1m[35m (1.0ms)[0m  [1m[36mcommit transaction[0m
  ↳ /Users/wmotycka/.rvm/rubies/ruby-2.6.0/lib/ruby/gems/2.6.0/gems/rake-12.3.2/lib/rake/task.rb:273
  [1m[35m (0.1ms)[0m  [1m[34mSELECT "schema_migrations"."version" FROM "schema_migrations" ORDER BY "schema_migrations"."version" ASC[0m
  ↳ /Users/wmotycka/.rvm/rubies/ruby-2.6.0/lib/ruby/gems/2.6.0/gems/rake-12.3.2/lib/rake/task.rb:273
  [1m[35m (0.1ms)[0m  [1m[34mSELECT "schema_migrations"."version" FROM "schema_migrations" ORDER BY "schema_migrations"."version" ASC[0m
  ↳ /Users/wmotycka/.rvm/rubies/ruby-2.6.0/lib/ruby/gems/2.6.0/gems/rake-12.3.2/lib/rake/task.rb:273
Migrating to AddColumnsToUsers (20190718000756)
  [1m[35m (0.1ms)[0m  [1m[36mbegin transaction[0m
  ↳ /Users/wmotycka/.rvm/rubies/ruby-2.6.0/lib/ruby/gems/2.6.0/gems/rake-12.3.2/lib/rake/task.rb:273
  [1m[35m (0.6ms)[0m  [1m[35mALTER TABLE "users" ADD "provider" varchar[0m
  ↳ db/migrate/20190718000756_add_columns_to_users.rb:3
  [1m[35m (0.3ms)[0m  [1m[35mALTER TABLE "users" ADD "uid" varchar[0m
  ↳ db/migrate/20190718000756_add_columns_to_users.rb:4
  [1m[36mActiveRecord::SchemaMigration Create (0.2ms)[0m  [1m[32mINSERT INTO "schema_migrations" ("version") VALUES (?)[0m  [["version", "20190718000756"]]
  ↳ /Users/wmotycka/.rvm/rubies/ruby-2.6.0/lib/ruby/gems/2.6.0/gems/rake-12.3.2/lib/rake/task.rb:273
  [1m[35m (0.8ms)[0m  [1m[36mcommit transaction[0m
  ↳ /Users/wmotycka/.rvm/rubies/ruby-2.6.0/lib/ruby/gems/2.6.0/gems/rake-12.3.2/lib/rake/task.rb:273
  [1m[36mActiveRecord::InternalMetadata Load (0.2ms)[0m  [1m[34mSELECT  "ar_internal_metadata".* FROM "ar_internal_metadata" WHERE "ar_internal_metadata"."key" = ? LIMIT ?[0m  [["key", "environment"], ["LIMIT", 1]]
  ↳ /Users/wmotycka/.rvm/rubies/ruby-2.6.0/lib/ruby/gems/2.6.0/gems/rake-12.3.2/lib/rake/task.rb:273
  [1m[35m (0.1ms)[0m  [1m[36mbegin transaction[0m
  ↳ /Users/wmotycka/.rvm/rubies/ruby-2.6.0/lib/ruby/gems/2.6.0/gems/rake-12.3.2/lib/rake/task.rb:273
  [1m[35m (0.1ms)[0m  [1m[36mcommit transaction[0m
  ↳ /Users/wmotycka/.rvm/rubies/ruby-2.6.0/lib/ruby/gems/2.6.0/gems/rake-12.3.2/lib/rake/task.rb:273
  [1m[35m (0.3ms)[0m  [1m[34mSELECT "schema_migrations"."version" FROM "schema_migrations" ORDER BY "schema_migrations"."version" ASC[0m
  ↳ /Users/wmotycka/.rvm/rubies/ruby-2.6.0/lib/ruby/gems/2.6.0/gems/rake-12.3.2/lib/rake/task.rb:273
Started GET "/user/sign_in" for ::1 at 2019-07-17 19:15:54 -0500
  [1m[35m (0.7ms)[0m  [1m[34mSELECT "schema_migrations"."version" FROM "schema_migrations" ORDER BY "schema_migrations"."version" ASC[0m
  ↳ /Users/wmotycka/.rvm/gems/ruby-2.6.0/gems/activerecord-5.2.3/lib/active_record/log_subscriber.rb:98
  
ActionController::RoutingError (No route matches [GET] "/user/sign_in"):
  
actionpack (5.2.3) lib/action_dispatch/middleware/debug_exceptions.rb:65:in `call'
web-console (3.7.0) lib/web_console/middleware.rb:135:in `call_app'
web-console (3.7.0) lib/web_console/middleware.rb:30:in `block in call'
web-console (3.7.0) lib/web_console/middleware.rb:20:in `catch'
web-console (3.7.0) lib/web_console/middleware.rb:20:in `call'
actionpack (5.2.3) lib/action_dispatch/middleware/show_exceptions.rb:33:in `call'
railties (5.2.3) lib/rails/rack/logger.rb:38:in `call_app'
railties (5.2.3) lib/rails/rack/logger.rb:26:in `block in call'
activesupport (5.2.3) lib/active_support/tagged_logging.rb:71:in `block in tagged'
activesupport (5.2.3) lib/active_support/tagged_logging.rb:28:in `tagged'
activesupport (5.2.3) lib/active_support/tagged_logging.rb:71:in `tagged'
railties (5.2.3) lib/rails/rack/logger.rb:26:in `call'
sprockets-rails (3.2.1) lib/sprockets/rails/quiet_assets.rb:13:in `call'
actionpack (5.2.3) lib/action_dispatch/middleware/remote_ip.rb:81:in `call'
actionpack (5.2.3) lib/action_dispatch/middleware/request_id.rb:27:in `call'
rack (2.0.7) lib/rack/method_override.rb:22:in `call'
rack (2.0.7) lib/rack/runtime.rb:22:in `call'
activesupport (5.2.3) lib/active_support/cache/strategy/local_cache_middleware.rb:29:in `call'
actionpack (5.2.3) lib/action_dispatch/middleware/executor.rb:14:in `call'
actionpack (5.2.3) lib/action_dispatch/middleware/static.rb:127:in `call'
rack (2.0.7) lib/rack/sendfile.rb:111:in `call'
railties (5.2.3) lib/rails/engine.rb:524:in `call'
puma (3.12.1) lib/puma/configuration.rb:227:in `call'
puma (3.12.1) lib/puma/server.rb:660:in `handle_request'
puma (3.12.1) lib/puma/server.rb:474:in `process_client'
puma (3.12.1) lib/puma/server.rb:334:in `block in run'
puma (3.12.1) lib/puma/thread_pool.rb:135:in `block in spawn_thread'
Started GET "/users/sign_in" for ::1 at 2019-07-17 19:16:14 -0500
Processing by Devise::SessionsController#new as HTML
  Rendering /Users/wmotycka/.rvm/gems/ruby-2.6.0/gems/devise-4.6.2/app/views/devise/sessions/new.html.erb within layouts/application
  Rendered /Users/wmotycka/.rvm/gems/ruby-2.6.0/gems/devise-4.6.2/app/views/devise/shared/_links.html.erb (20.8ms)
  Rendered /Users/wmotycka/.rvm/gems/ruby-2.6.0/gems/devise-4.6.2/app/views/devise/sessions/new.html.erb within layouts/application (73.3ms)
Completed 200 OK in 486ms (Views: 452.7ms | ActiveRecord: 1.0ms)


Started POST "/users/sign_in" for ::1 at 2019-07-17 19:16:35 -0500
Processing by Devise::SessionsController#create as HTML
  Parameters: {"utf8"=>"✓", "authenticity_token"=>"nbb6e3/TsNMFwvlQIHIlcYEFXqoPCn9t5QtSJJzNI6rKt1pYSghAkG7/9dEyVerLRaFaaaHrZezSR+wAjhWBZw==", "user"=>{"email"=>"waynemot@msn.com", "password"=>"[FILTERED]", "remember_me"=>"0"}, "commit"=>"Log in"}
  [1m[36mUser Load (1.0ms)[0m  [1m[34mSELECT  "users".* FROM "users" WHERE "users"."email" = ? ORDER BY "users"."id" ASC LIMIT ?[0m  [["email", "waynemot@msn.com"], ["LIMIT", 1]]
  ↳ /Users/wmotycka/.rvm/gems/ruby-2.6.0/gems/activerecord-5.2.3/lib/active_record/log_subscriber.rb:98
Completed 401 Unauthorized in 8ms (ActiveRecord: 1.0ms)


Processing by Devise::SessionsController#new as HTML
  Parameters: {"utf8"=>"✓", "authenticity_token"=>"nbb6e3/TsNMFwvlQIHIlcYEFXqoPCn9t5QtSJJzNI6rKt1pYSghAkG7/9dEyVerLRaFaaaHrZezSR+wAjhWBZw==", "user"=>{"email"=>"waynemot@msn.com", "password"=>"[FILTERED]", "remember_me"=>"0"}, "commit"=>"Log in"}
  Rendering /Users/wmotycka/.rvm/gems/ruby-2.6.0/gems/devise-4.6.2/app/views/devise/sessions/new.html.erb within layouts/application
  Rendered /Users/wmotycka/.rvm/gems/ruby-2.6.0/gems/devise-4.6.2/app/views/devise/shared/_links.html.erb (1.4ms)
  Rendered /Users/wmotycka/.rvm/gems/ruby-2.6.0/gems/devise-4.6.2/app/views/devise/sessions/new.html.erb within layouts/application (5.1ms)
Completed 200 OK in 188ms (Views: 25.2ms | ActiveRecord: 0.0ms)


Started GET "/users/sign_in" for ::1 at 2019-07-17 19:19:31 -0500
Processing by Devise::SessionsController#new as HTML
  Rendering /Users/wmotycka/.rvm/gems/ruby-2.6.0/gems/devise-4.6.2/app/views/devise/sessions/new.html.erb within layouts/application
  Rendered /Users/wmotycka/.rvm/gems/ruby-2.6.0/gems/devise-4.6.2/app/views/devise/shared/_links.html.erb (1.2ms)
  Rendered /Users/wmotycka/.rvm/gems/ruby-2.6.0/gems/devise-4.6.2/app/views/devise/sessions/new.html.erb within layouts/application (5.1ms)
Completed 200 OK in 24ms (Views: 22.6ms | ActiveRecord: 0.0ms)


Started GET "/users/sign_up" for ::1 at 2019-07-17 19:44:53 -0500
  [1m[35m (0.6ms)[0m  [1m[34mSELECT "schema_migrations"."version" FROM "schema_migrations" ORDER BY "schema_migrations"."version" ASC[0m
  ↳ /Users/wmotycka/.rvm/gems/ruby-2.6.0/gems/activerecord-5.2.3/lib/active_record/log_subscriber.rb:98
Processing by Devise::RegistrationsController#new as HTML
  Rendering /Users/wmotycka/.rvm/gems/ruby-2.6.0/gems/devise-4.6.2/app/views/devise/registrations/new.html.erb within layouts/application
  Rendered /Users/wmotycka/.rvm/gems/ruby-2.6.0/gems/devise-4.6.2/app/views/devise/shared/_error_messages.html.erb (0.7ms)
  Rendered /Users/wmotycka/.rvm/gems/ruby-2.6.0/gems/devise-4.6.2/app/views/devise/shared/_links.html.erb (2.4ms)
  Rendered /Users/wmotycka/.rvm/gems/ruby-2.6.0/gems/devise-4.6.2/app/views/devise/registrations/new.html.erb within layouts/application (33.9ms)
Completed 200 OK in 356ms (Views: 321.3ms | ActiveRecord: 0.9ms)


Started GET "/users/sign_in" for ::1 at 2019-07-17 19:44:57 -0500
Processing by Devise::SessionsController#new as HTML
  Rendering /Users/wmotycka/.rvm/gems/ruby-2.6.0/gems/devise-4.6.2/app/views/devise/sessions/new.html.erb within layouts/application
  Rendered /Users/wmotycka/.rvm/gems/ruby-2.6.0/gems/devise-4.6.2/app/views/devise/shared/_links.html.erb (1.6ms)
  Rendered /Users/wmotycka/.rvm/gems/ruby-2.6.0/gems/devise-4.6.2/app/views/devise/sessions/new.html.erb within layouts/application (6.9ms)
Completed 200 OK in 26ms (Views: 23.9ms | ActiveRecord: 0.0ms)


Started GET "/users/password/new" for ::1 at 2019-07-17 19:45:01 -0500
Processing by Devise::PasswordsController#new as HTML
  Rendering /Users/wmotycka/.rvm/gems/ruby-2.6.0/gems/devise-4.6.2/app/views/devise/passwords/new.html.erb within layouts/application
  Rendered /Users/wmotycka/.rvm/gems/ruby-2.6.0/gems/devise-4.6.2/app/views/devise/shared/_error_messages.html.erb (0.6ms)
  Rendered /Users/wmotycka/.rvm/gems/ruby-2.6.0/gems/devise-4.6.2/app/views/devise/shared/_links.html.erb (1.3ms)
  Rendered /Users/wmotycka/.rvm/gems/ruby-2.6.0/gems/devise-4.6.2/app/views/devise/passwords/new.html.erb within layouts/application (6.1ms)
Completed 200 OK in 23ms (Views: 20.4ms | ActiveRecord: 0.0ms)


Started GET "/users/sign_in" for ::1 at 2019-07-17 19:45:49 -0500
Processing by Devise::SessionsController#new as HTML
  Rendering /Users/wmotycka/.rvm/gems/ruby-2.6.0/gems/devise-4.6.2/app/views/devise/sessions/new.html.erb within layouts/application
  Rendered /Users/wmotycka/.rvm/gems/ruby-2.6.0/gems/devise-4.6.2/app/views/devise/shared/_links.html.erb (1.1ms)
  Rendered /Users/wmotycka/.rvm/gems/ruby-2.6.0/gems/devise-4.6.2/app/views/devise/sessions/new.html.erb within layouts/application (5.7ms)
Completed 200 OK in 26ms (Views: 24.9ms | ActiveRecord: 0.0ms)


Started GET "/users/index" for ::1 at 2019-07-17 19:57:26 -0500
  
ActionController::RoutingError (No route matches [GET] "/users/index"):
  
actionpack (5.2.3) lib/action_dispatch/middleware/debug_exceptions.rb:65:in `call'
web-console (3.7.0) lib/web_console/middleware.rb:135:in `call_app'
web-console (3.7.0) lib/web_console/middleware.rb:30:in `block in call'
web-console (3.7.0) lib/web_console/middleware.rb:20:in `catch'
web-console (3.7.0) lib/web_console/middleware.rb:20:in `call'
actionpack (5.2.3) lib/action_dispatch/middleware/show_exceptions.rb:33:in `call'
railties (5.2.3) lib/rails/rack/logger.rb:38:in `call_app'
railties (5.2.3) lib/rails/rack/logger.rb:26:in `block in call'
activesupport (5.2.3) lib/active_support/tagged_logging.rb:71:in `block in tagged'
activesupport (5.2.3) lib/active_support/tagged_logging.rb:28:in `tagged'
activesupport (5.2.3) lib/active_support/tagged_logging.rb:71:in `tagged'
railties (5.2.3) lib/rails/rack/logger.rb:26:in `call'
sprockets-rails (3.2.1) lib/sprockets/rails/quiet_assets.rb:13:in `call'
actionpack (5.2.3) lib/action_dispatch/middleware/remote_ip.rb:81:in `call'
actionpack (5.2.3) lib/action_dispatch/middleware/request_id.rb:27:in `call'
rack (2.0.7) lib/rack/method_override.rb:22:in `call'
rack (2.0.7) lib/rack/runtime.rb:22:in `call'
activesupport (5.2.3) lib/active_support/cache/strategy/local_cache_middleware.rb:29:in `call'
actionpack (5.2.3) lib/action_dispatch/middleware/executor.rb:14:in `call'
actionpack (5.2.3) lib/action_dispatch/middleware/static.rb:127:in `call'
rack (2.0.7) lib/rack/sendfile.rb:111:in `call'
railties (5.2.3) lib/rails/engine.rb:524:in `call'
puma (3.12.1) lib/puma/configuration.rb:227:in `call'
puma (3.12.1) lib/puma/server.rb:660:in `handle_request'
puma (3.12.1) lib/puma/server.rb:474:in `process_client'
puma (3.12.1) lib/puma/server.rb:334:in `block in run'
puma (3.12.1) lib/puma/thread_pool.rb:135:in `block in spawn_thread'
Started GET "/" for ::1 at 2019-07-17 19:59:35 -0500
Processing by Rails::WelcomeController#index as HTML
  Rendering /Users/wmotycka/.rvm/gems/ruby-2.6.0/gems/railties-5.2.3/lib/rails/templates/rails/welcome/index.html.erb
  Rendered /Users/wmotycka/.rvm/gems/ruby-2.6.0/gems/railties-5.2.3/lib/rails/templates/rails/welcome/index.html.erb (2.8ms)
Completed 200 OK in 8ms (Views: 4.7ms | ActiveRecord: 0.0ms)


Started GET "/users/sign_in" for ::1 at 2019-07-17 20:01:08 -0500
Processing by Devise::SessionsController#new as HTML
  Rendering /Users/wmotycka/.rvm/gems/ruby-2.6.0/gems/devise-4.6.2/app/views/devise/sessions/new.html.erb within layouts/application
  Rendered /Users/wmotycka/.rvm/gems/ruby-2.6.0/gems/devise-4.6.2/app/views/devise/shared/_links.html.erb (1.7ms)
  Rendered /Users/wmotycka/.rvm/gems/ruby-2.6.0/gems/devise-4.6.2/app/views/devise/sessions/new.html.erb within layouts/application (8.3ms)
Completed 200 OK in 54ms (Views: 35.8ms | ActiveRecord: 1.5ms)


Started GET "/users/index" for ::1 at 2019-07-17 20:01:42 -0500
  
ActionController::RoutingError (No route matches [GET] "/users/index"):
  
actionpack (5.2.3) lib/action_dispatch/middleware/debug_exceptions.rb:65:in `call'
web-console (3.7.0) lib/web_console/middleware.rb:135:in `call_app'
web-console (3.7.0) lib/web_console/middleware.rb:30:in `block in call'
web-console (3.7.0) lib/web_console/middleware.rb:20:in `catch'
web-console (3.7.0) lib/web_console/middleware.rb:20:in `call'
actionpack (5.2.3) lib/action_dispatch/middleware/show_exceptions.rb:33:in `call'
railties (5.2.3) lib/rails/rack/logger.rb:38:in `call_app'
railties (5.2.3) lib/rails/rack/logger.rb:26:in `block in call'
activesupport (5.2.3) lib/active_support/tagged_logging.rb:71:in `block in tagged'
activesupport (5.2.3) lib/active_support/tagged_logging.rb:28:in `tagged'
activesupport (5.2.3) lib/active_support/tagged_logging.rb:71:in `tagged'
railties (5.2.3) lib/rails/rack/logger.rb:26:in `call'
sprockets-rails (3.2.1) lib/sprockets/rails/quiet_assets.rb:13:in `call'
actionpack (5.2.3) lib/action_dispatch/middleware/remote_ip.rb:81:in `call'
actionpack (5.2.3) lib/action_dispatch/middleware/request_id.rb:27:in `call'
rack (2.0.7) lib/rack/method_override.rb:22:in `call'
rack (2.0.7) lib/rack/runtime.rb:22:in `call'
activesupport (5.2.3) lib/active_support/cache/strategy/local_cache_middleware.rb:29:in `call'
actionpack (5.2.3) lib/action_dispatch/middleware/executor.rb:14:in `call'
actionpack (5.2.3) lib/action_dispatch/middleware/static.rb:127:in `call'
rack (2.0.7) lib/rack/sendfile.rb:111:in `call'
railties (5.2.3) lib/rails/engine.rb:524:in `call'
puma (3.12.1) lib/puma/configuration.rb:227:in `call'
puma (3.12.1) lib/puma/server.rb:660:in `handle_request'
puma (3.12.1) lib/puma/server.rb:474:in `process_client'
puma (3.12.1) lib/puma/server.rb:334:in `block in run'
puma (3.12.1) lib/puma/thread_pool.rb:135:in `block in spawn_thread'
